
2023-08-03 07:55:30 [INFO] src/main.rs:136 Spawned new thread!
2023-08-03 07:55:31 [INFO] src/main.rs:143 Input handling thread detected Char(
    ' ',
) input
2023-08-03 07:55:32 [INFO] src/main.rs:143 Input handling thread detected Char(
    ' ',
) input
2023-08-03 07:55:32 [INFO] src/main.rs:143 Input handling thread detected Char(
    'a',
) input
2023-08-03 07:55:33 [INFO] src/main.rs:143 Input handling thread detected Char(
    's',
) input
2023-08-03 07:55:33 [INFO] src/main.rs:143 Input handling thread detected Char(
    'd',
) input
2023-08-03 07:55:33 [INFO] src/main.rs:143 Input handling thread detected Char(
    ' ',
) input
2023-08-03 07:55:34 [INFO] src/main.rs:143 Input handling thread detected Char(
    ' ',
) input
2023-08-03 07:55:35 [INFO] src/main.rs:143 Input handling thread detected Char(
    'a',
) input
2023-08-03 07:55:35 [INFO] src/main.rs:143 Input handling thread detected Char(
    's',
) input
2023-08-03 07:55:35 [INFO] src/main.rs:143 Input handling thread detected Char(
    'w',
) input
2023-08-03 07:55:46 [INFO] src/main.rs:136 Spawned new thread!
2023-08-03 07:55:47 [INFO] src/main.rs:143 Input handling thread detected Char(
    ' ',
) input
2023-08-03 07:55:47 [INFO] src/main.rs:143 Input handling thread detected Char(
    ' ',
) input
2023-08-03 07:55:47 [INFO] src/main.rs:143 Input handling thread detected Char(
    'q',
) input
